<?xml version="1.0" encoding="UTF-8"?>
<!-- Generated by org.testng.reporters.JUnitReportReporter -->
<testsuite hostname="Bajrang-Singh2896" failures="0" tests="1" name="com.actitime.testscript.DemoTest" time="0.012" errors="0" timestamp="2023-02-25T11:14:35 IST" skipped="0">
  <testcase classname="com.actitime.testscript.DemoTest" name="testDemo" time="0.012"/>
  <system-out>
    <![CDATA[CreateCustomer]]>
  </system-out>
</testsuite> <!-- com.actitime.testscript.DemoTest -->
