<?xml version="1.0" encoding="UTF-8"?>
<!-- Generated by org.testng.reporters.JUnitReportReporter -->
<testsuite hostname="Bajrang-Singh2896" failures="0" tests="1" name="file.DemoScreenshot" time="2.747" errors="0" timestamp="2023-02-28T17:38:36 IST" skipped="0">
  <testcase classname="file.DemoScreenshot" name="screenShot" time="2.747"/>
  <system-out/>
</testsuite> <!-- file.DemoScreenshot -->
