<?xml version="1.0" encoding="UTF-8"?>
<!-- Generated by org.testng.reporters.JUnitReportReporter -->
<testsuite hostname="Bajrang-Singh2896" failures="0" tests="3" name="com.actitime.testscript.DemoTestNg2" time="0.008" errors="0" timestamp="2023-02-25T12:05:42 IST" skipped="0">
  <testcase classname="com.actitime.testscript.DemoTestNg2" name="createCustomer" time="0.006"/>
  <system-out>
    <![CDATA[CreateCustomer]]>
  </system-out>
  <testcase classname="com.actitime.testscript.DemoTestNg2" name="modifyCustomer" time="0.001"/>
  <system-out>
    <![CDATA[ModifyCustomer]]>
  </system-out>
  <testcase classname="com.actitime.testscript.DemoTestNg2" name="deleteCustomer" time="0.001"/>
  <system-out>
    <![CDATA[DeleteCustomer]]>
  </system-out>
</testsuite> <!-- com.actitime.testscript.DemoTestNg2 -->
