<?xml version="1.0" encoding="UTF-8"?>
<!-- Generated by org.testng.reporters.JUnitReportReporter -->
<testsuite hostname="Bajrang-Singh2896" failures="0" tests="1" name="com.actitime.testscript.ExecuteBase" time="14.430" errors="0" timestamp="2023-02-26T10:42:17 IST" skipped="0">
  <testcase classname="com.actitime.testscript.ExecuteBase" name="Customer" time="14.430"/>
  <system-out/>
</testsuite> <!-- com.actitime.testscript.ExecuteBase -->
