<?xml version="1.0" encoding="UTF-8"?>
<!-- Generated by org.testng.reporters.JUnitReportReporter -->
<testsuite hostname="Bajrang-Singh2896" failures="0" tests="4" name="com.actitime.testscript.DemoAnnotation" time="0.017" errors="0" timestamp="2023-02-25T20:37:46 IST" skipped="0">
  <testcase classname="com.actitime.testscript.DemoAnnotation" name="deleteCustomer" time="0.006"/>
  <system-out>
    <![CDATA[DeleteCustomer]]>
  </system-out>
  <testcase classname="com.actitime.testscript.DemoAnnotation" name="registerCustomer" time="0.002"/>
  <system-out>
    <![CDATA[RegisterCustomer]]>
  </system-out>
  <testcase classname="com.actitime.testscript.DemoAnnotation" name="editCustomer" time="0.004"/>
  <system-out>
    <![CDATA[EditCustomer]]>
  </system-out>
  <testcase classname="com.actitime.testscript.DemoAnnotation" name="editCustomer" time="0.005"/>
  <system-out>
    <![CDATA[EditCustomer]]>
  </system-out>
</testsuite> <!-- com.actitime.testscript.DemoAnnotation -->
